HashMap based Map...
appealing              1
combined               1
representatives        1
a                     16
foundation             1
events                 1
conjured               1
abolishing             3
powers                 5
constrained            1
dissolve               1
troops                 1
under                  1
endowed                1
commerce               1
fatiguing              1
only                   2
life                   1
legislate              1
totally                2
an                     5
safety                 1
absolved               1
experience             1
returned               1
dangers                1
causes                 2
remaining              1
declaration            2
out                    2
enemies                1
principles             1
refusing               2
tenure                 1
injuries               1
support                1
mean                   1
supreme                1
pursuing               1
honor                  1
hath                   1
inhabitants            2
connection             1
relinquish             1
redress                1
evident                1
formidable             1
and                   56
therein                1
secure                 1
voice                  1
as                     4
than                   1
tyrant                 1
marked                 1
obstructing            1
places                 1
pressing               1
cases                  2
nation                 1
public                 2
undistinguished        1
representation         1
trial                  2
unless                 2
judge                  1
on                     8
all                   10
repeatedly             1
great                  2
neglected              1
conclude               1
authority              1
just                   1
distant                1
people                10
cruelty                1
political              2
connected              1
human                  1
till                   1
to                    65
insurrections          1
allegiance             1
god                    1
wanting                1
ravaged                1
called                 1
created                1
solemnly               1
known                  1
common                 1
operation              1
large                  4
multitude              1
depository             1
its                    3
eat                    1
whose                  2
present                1
native                 1
object                 2
united                 3
guards                 1
tyranny                2
endeavoured            2
let                    1
together               1
we                    11
be                     9
frontiers              1
design                 1
laying                 1
opinions               1
mutually               1
dissolved              2
offences               1
general                1
many                   1
system                 1
unalienable            1
tyrants                1
governors              1
light                  1
invasions              1
fortunes               1
valuable               1
domestic               1
usurpations            3
accommodation          1
boundaries             1
patient                1
act                    1
arbitrary              1
facts                  1
emigration             1
those                  1
seas                   3
after                  1
establish              1
throw                  1
divine                 1
legislation            1
captive                1
death                  1
more                   1
times                  1
taking                 1
happiness              2
wholesome              1
deaf                   1
among                  5
pledge                 1
should                 4
long                   3
at                     4
provide                1
destructive            1
in                    20
interrupt              1
waging                 1
destruction            1
once                   1
transient              1
savages                1
contract               1
scarcely               1
pursuit                1
migrations             1
made                   1
becomes                2
form                   2
not                    1
utterly                1
things                 1
oppressions            1
unworthy               1
petitions              1
course                 1
armed                  1
mock                   1
others                 3
indeed                 1
liberty                1
obstructed             1
into                   2
petitioned             1
indian                 1
their                 20
population             1
rest                   1
trade                  1
fundamentally          1
such                   6
institute              1
decent                 1
stage                  1
immediate              1
cause                  1
sufferance             1
certain                1
thirteen               1
elected                1
dissolutions           1
character              1
desolation             1
reliance               1
must                   1
impel                  1
levy                   1
deriving               1
hands                  1
king                   1
parts                  1
subject                1
another                1
judiciary              1
any                    2
natures                1
now                    1
self                   1
world                  3
sufferable             1
convulsions            1
barbarous              1
equal                  2
pretended              2
do                     3
begun                  1
invested               1
sacred                 1
unfit                  1
congress               2
is                    10
erected                1
magnanimity            1
bands                  1
future                 1
protection             2
prove                  1
plundered              1
of                    78
own                    1
administration         1
benefits               1
alliances              1
invariably             1
dictate                1
truths                 1
off                    2
compliance             1
peace                  3
conditions             2
giving                 1
humble                 1
transporting           2
forms                  2
changed                1
declaring              2
obtained               1
disavow                1
already                1
assume                 1
establishing           2
refused                3
name                   1
free                   4
compleat               1
submitted              1
station                1
been                   4
train                  1
they                   7
acquiesce              1
charters               1
imposing               1
districts              1
colonies               4
commit                 1
hold                   3
america                2
taxes                  1
history                2
away                   1
instrument             1
absolute               3
pass                   3
our                   26
attempts               1
whenever               1
become                 1
which                 10
armies                 2
security               1
inevitably             1
candid                 1
new                    4
every                  2
warned                 1
sexes                  1
he                    19
alter                  2
exposed                1
for                   29
established            1
reminded               1
may                    2
britain                2
would                  2
answered               1
government             6
prevent                1
right                  7
establishment          1
with                   9
over                   2
friends                2
these                 13
bring                  1
payment                1
rule                   2
connections            1
kindred                1
prudence               1
superior               1
nor                    1
prince                 1
taken                  1
executioners           1
uncomfortable          1
firmness               1
foreign                2
forbidden              1
appealed               1
harass                 1
attend                 1
swarms                 1
have                  11
ruler                  1
governments            3
injury                 1
encourage              1
standing               1
rectitude              1
exercise               1
has                   20
affected               1
tried                  1
lives                  2
terms                  1
them                  15
between                1
amount                 1
jurisdiction           2
whereby                1
laws                   9
alone                  1
reduce                 1
representative         1
time                   5
good                   2
rights                 3
intentions             1
example                1
entitle                1
ages                   2
records                1
abolish                1
the                   78
sent                   1
consent                3
firm                   1
by                    13
seem                   1
or                     2
war                    3
instituted             1
shewn                  1
burnt                  1
paralleled             1
separation             2
kept                   1
former                 1
unacknowledged         1
abdicated              1
unanimous              1
annihilation           1
murders                1
head                   1
power                  3
perfidy                1
each                   1
ought                  2
this                   3
justice                3
purpose                2
appropriations         1
nature                 1
direct                 1
july                   1
correspondence         1
attentions             1
one                    1
are                    9
denounces              1
render                 2
inestimable            1
neighbouring           1
other                  3
independent            4
constitution           1
disposed               1
states                 8
cutting                1
altering               1
suspended              2
legislative            2
likely                 1
necessary              2
dependent              1
ties                   1
bodies                 2
enlarging              1
here                   2
acts                   2
offices                2
officers               1
consanguinity          1
jury                   1
effect                 1
province               1
foreigners             1
having                 1
british                2
merciless              1
suspending             1
raising                1
that                  13
his                    9
excited                1
so                     2
whatsoever             1
civil                  1
from                   6
repeated               3
fall                   1
duty                   1
state                  2
manly                  1
towns                  1
requires               1
providence             1
without                3
separate               1
against                2
brethren               2
while                  1
warfare                1
naturalization         1
high                   1
but                    1
fellow                 1
houses                 1
military               1
evils                  1
when                   3
invasion               1
earth                  1
coasts                 1
unusual                1
bear                   1
abuses                 1
importance             1
accordingly            1
settlement             1
necessity              2
us                    11
sole                   1
circumstances          2
it                     6
men                    2
extend                 1
same                   2
themselves             3
respect                1
therefore              2
quartering             1
protecting             1
systems                1
constrains             1
organizing             1
destroyed              1
crown                  1
introducing            1
creator                1
measures               1
legislatures           2
hither                 2
arms                   1
within                 1
lands                  1
citizens               1
full                   1
too                    1
opposing               1
country                1
define                 1
beyond                 1
publish                1
salaries               1
unwarrantable          1
mercenaries            1
judges                 1
fit                    1
works                  1
declare                2
despotism              1
governed               1
accustomed             1
mankind                3
ends                   1
most                   5
assent                 4
shall                  1
substance              1
thus                   1
incapable              1
depriving              1
english                1
civilized              1
amongst                1
assembled              1
suffer                 1
legislature            2
will                   2
punishment             1
evinces                1
==============================
TreeMap based Map...
a                     16
abdicated              1
abolish                1
abolishing             3
absolute               3
absolved               1
abuses                 1
accommodation          1
accordingly            1
accustomed             1
acquiesce              1
act                    1
acts                   2
administration         1
affected               1
after                  1
against                2
ages                   2
all                   10
allegiance             1
alliances              1
alone                  1
already                1
alter                  2
altering               1
america                2
among                  5
amongst                1
amount                 1
an                     5
and                   56
annihilation           1
another                1
answered               1
any                    2
appealed               1
appealing              1
appropriations         1
arbitrary              1
are                    9
armed                  1
armies                 2
arms                   1
as                     4
assembled              1
assent                 4
assume                 1
at                     4
attempts               1
attend                 1
attentions             1
authority              1
away                   1
bands                  1
barbarous              1
be                     9
bear                   1
become                 1
becomes                2
been                   4
begun                  1
benefits               1
between                1
beyond                 1
bodies                 2
boundaries             1
brethren               2
bring                  1
britain                2
british                2
burnt                  1
but                    1
by                    13
called                 1
candid                 1
captive                1
cases                  2
cause                  1
causes                 2
certain                1
changed                1
character              1
charters               1
circumstances          2
citizens               1
civil                  1
civilized              1
coasts                 1
colonies               4
combined               1
commerce               1
commit                 1
common                 1
compleat               1
compliance             1
conclude               1
conditions             2
congress               2
conjured               1
connected              1
connection             1
connections            1
consanguinity          1
consent                3
constitution           1
constrained            1
constrains             1
contract               1
convulsions            1
correspondence         1
country                1
course                 1
created                1
creator                1
crown                  1
cruelty                1
cutting                1
dangers                1
deaf                   1
death                  1
decent                 1
declaration            2
declare                2
declaring              2
define                 1
denounces              1
dependent              1
depository             1
depriving              1
deriving               1
design                 1
desolation             1
despotism              1
destroyed              1
destruction            1
destructive            1
dictate                1
direct                 1
disavow                1
disposed               1
dissolutions           1
dissolve               1
dissolved              2
distant                1
districts              1
divine                 1
do                     3
domestic               1
duty                   1
each                   1
earth                  1
eat                    1
effect                 1
elected                1
emigration             1
encourage              1
endeavoured            2
endowed                1
ends                   1
enemies                1
english                1
enlarging              1
entitle                1
equal                  2
erected                1
establish              1
established            1
establishing           2
establishment          1
events                 1
every                  2
evident                1
evils                  1
evinces                1
example                1
excited                1
executioners           1
exercise               1
experience             1
exposed                1
extend                 1
facts                  1
fall                   1
fatiguing              1
fellow                 1
firm                   1
firmness               1
fit                    1
for                   29
forbidden              1
foreign                2
foreigners             1
form                   2
former                 1
formidable             1
forms                  2
fortunes               1
foundation             1
free                   4
friends                2
from                   6
frontiers              1
full                   1
fundamentally          1
future                 1
general                1
giving                 1
god                    1
good                   2
governed               1
government             6
governments            3
governors              1
great                  2
guards                 1
hands                  1
happiness              2
harass                 1
has                   20
hath                   1
have                  11
having                 1
he                    19
head                   1
here                   2
high                   1
his                    9
history                2
hither                 2
hold                   3
honor                  1
houses                 1
human                  1
humble                 1
immediate              1
impel                  1
importance             1
imposing               1
in                    20
incapable              1
indeed                 1
independent            4
indian                 1
inestimable            1
inevitably             1
inhabitants            2
injuries               1
injury                 1
institute              1
instituted             1
instrument             1
insurrections          1
intentions             1
interrupt              1
into                   2
introducing            1
invariably             1
invasion               1
invasions              1
invested               1
is                    10
it                     6
its                    3
judge                  1
judges                 1
judiciary              1
july                   1
jurisdiction           2
jury                   1
just                   1
justice                3
kept                   1
kindred                1
king                   1
known                  1
lands                  1
large                  4
laws                   9
laying                 1
legislate              1
legislation            1
legislative            2
legislature            2
legislatures           2
let                    1
levy                   1
liberty                1
life                   1
light                  1
likely                 1
lives                  2
long                   3
made                   1
magnanimity            1
mankind                3
manly                  1
many                   1
marked                 1
may                    2
mean                   1
measures               1
men                    2
mercenaries            1
merciless              1
migrations             1
military               1
mock                   1
more                   1
most                   5
multitude              1
murders                1
must                   1
mutually               1
name                   1
nation                 1
native                 1
naturalization         1
nature                 1
natures                1
necessary              2
necessity              2
neglected              1
neighbouring           1
new                    4
nor                    1
not                    1
now                    1
object                 2
obstructed             1
obstructing            1
obtained               1
of                    78
off                    2
offences               1
officers               1
offices                2
on                     8
once                   1
one                    1
only                   2
operation              1
opinions               1
opposing               1
oppressions            1
or                     2
organizing             1
other                  3
others                 3
ought                  2
our                   26
out                    2
over                   2
own                    1
paralleled             1
parts                  1
pass                   3
patient                1
payment                1
peace                  3
people                10
perfidy                1
petitioned             1
petitions              1
places                 1
pledge                 1
plundered              1
political              2
population             1
power                  3
powers                 5
present                1
pressing               1
pretended              2
prevent                1
prince                 1
principles             1
protecting             1
protection             2
prove                  1
provide                1
providence             1
province               1
prudence               1
public                 2
publish                1
punishment             1
purpose                2
pursuing               1
pursuit                1
quartering             1
raising                1
ravaged                1
records                1
rectitude              1
redress                1
reduce                 1
refused                3
refusing               2
reliance               1
relinquish             1
remaining              1
reminded               1
render                 2
repeated               3
repeatedly             1
representation         1
representative         1
representatives        1
requires               1
respect                1
rest                   1
returned               1
right                  7
rights                 3
rule                   2
ruler                  1
sacred                 1
safety                 1
salaries               1
same                   2
savages                1
scarcely               1
seas                   3
secure                 1
security               1
seem                   1
self                   1
sent                   1
separate               1
separation             2
settlement             1
sexes                  1
shall                  1
shewn                  1
should                 4
so                     2
sole                   1
solemnly               1
stage                  1
standing               1
state                  2
states                 8
station                1
subject                1
submitted              1
substance              1
such                   6
suffer                 1
sufferable             1
sufferance             1
superior               1
support                1
supreme                1
suspended              2
suspending             1
swarms                 1
system                 1
systems                1
taken                  1
taking                 1
taxes                  1
tenure                 1
terms                  1
than                   1
that                  13
the                   78
their                 20
them                  15
themselves             3
therefore              2
therein                1
these                 13
they                   7
things                 1
thirteen               1
this                   3
those                  1
throw                  1
thus                   1
ties                   1
till                   1
time                   5
times                  1
to                    65
together               1
too                    1
totally                2
towns                  1
trade                  1
train                  1
transient              1
transporting           2
trial                  2
tried                  1
troops                 1
truths                 1
tyranny                2
tyrant                 1
tyrants                1
unacknowledged         1
unalienable            1
unanimous              1
uncomfortable          1
under                  1
undistinguished        1
unfit                  1
united                 3
unless                 2
unusual                1
unwarrantable          1
unworthy               1
us                    11
usurpations            3
utterly                1
valuable               1
voice                  1
waging                 1
wanting                1
war                    3
warfare                1
warned                 1
we                    11
whatsoever             1
when                   3
whenever               1
whereby                1
which                 10
while                  1
wholesome              1
whose                  2
will                   2
with                   9
within                 1
without                3
works                  1
world                  3
would                  2
==============================
Usage based Map...
of                    78
the                   78
to                    65
and                   56
for                   29
our                   26
has                   20
in                    20
their                 20
he                    19
a                     16
them                  15
by                    13
that                  13
these                 13
have                  11
us                    11
we                    11
all                   10
is                    10
people                10
which                 10
are                    9
be                     9
his                    9
laws                   9
with                   9
on                     8
states                 8
right                  7
they                   7
from                   6
government             6
it                     6
such                   6
among                  5
an                     5
most                   5
powers                 5
time                   5
as                     4
assent                 4
at                     4
been                   4
colonies               4
free                   4
independent            4
large                  4
new                    4
should                 4
abolishing             3
absolute               3
consent                3
do                     3
governments            3
hold                   3
its                    3
justice                3
long                   3
mankind                3
other                  3
others                 3
pass                   3
peace                  3
power                  3
refused                3
repeated               3
rights                 3
seas                   3
themselves             3
this                   3
united                 3
usurpations            3
war                    3
when                   3
without                3
world                  3
acts                   2
against                2
ages                   2
alter                  2
america                2
any                    2
armies                 2
becomes                2
bodies                 2
brethren               2
britain                2
british                2
cases                  2
causes                 2
circumstances          2
conditions             2
congress               2
declaration            2
declare                2
declaring              2
dissolved              2
endeavoured            2
equal                  2
establishing           2
every                  2
foreign                2
form                   2
forms                  2
friends                2
good                   2
great                  2
happiness              2
here                   2
history                2
hither                 2
inhabitants            2
into                   2
jurisdiction           2
legislative            2
legislature            2
legislatures           2
lives                  2
may                    2
men                    2
necessary              2
necessity              2
object                 2
off                    2
offices                2
only                   2
or                     2
ought                  2
out                    2
over                   2
political              2
pretended              2
protection             2
public                 2
purpose                2
refusing               2
render                 2
rule                   2
same                   2
separation             2
so                     2
state                  2
suspended              2
therefore              2
totally                2
transporting           2
trial                  2
tyranny                2
unless                 2
whose                  2
will                   2
would                  2
abdicated              1
abolish                1
absolved               1
abuses                 1
accommodation          1
accordingly            1
accustomed             1
acquiesce              1
act                    1
administration         1
affected               1
after                  1
allegiance             1
alliances              1
alone                  1
already                1
altering               1
amongst                1
amount                 1
annihilation           1
another                1
answered               1
appealed               1
appealing              1
appropriations         1
arbitrary              1
armed                  1
arms                   1
assembled              1
assume                 1
attempts               1
attend                 1
attentions             1
authority              1
away                   1
bands                  1
barbarous              1
bear                   1
become                 1
begun                  1
benefits               1
between                1
beyond                 1
boundaries             1
bring                  1
burnt                  1
but                    1
called                 1
candid                 1
captive                1
cause                  1
certain                1
changed                1
character              1
charters               1
citizens               1
civil                  1
civilized              1
coasts                 1
combined               1
commerce               1
commit                 1
common                 1
compleat               1
compliance             1
conclude               1
conjured               1
connected              1
connection             1
connections            1
consanguinity          1
constitution           1
constrained            1
constrains             1
contract               1
convulsions            1
correspondence         1
country                1
course                 1
created                1
creator                1
crown                  1
cruelty                1
cutting                1
dangers                1
deaf                   1
death                  1
decent                 1
define                 1
denounces              1
dependent              1
depository             1
depriving              1
deriving               1
design                 1
desolation             1
despotism              1
destroyed              1
destruction            1
destructive            1
dictate                1
direct                 1
disavow                1
disposed               1
dissolutions           1
dissolve               1
distant                1
districts              1
divine                 1
domestic               1
duty                   1
each                   1
earth                  1
eat                    1
effect                 1
elected                1
emigration             1
encourage              1
endowed                1
ends                   1
enemies                1
english                1
enlarging              1
entitle                1
erected                1
establish              1
established            1
establishment          1
events                 1
evident                1
evils                  1
evinces                1
example                1
excited                1
executioners           1
exercise               1
experience             1
exposed                1
extend                 1
facts                  1
fall                   1
fatiguing              1
fellow                 1
firm                   1
firmness               1
fit                    1
forbidden              1
foreigners             1
former                 1
formidable             1
fortunes               1
foundation             1
frontiers              1
full                   1
fundamentally          1
future                 1
general                1
giving                 1
god                    1
governed               1
governors              1
guards                 1
hands                  1
harass                 1
hath                   1
having                 1
head                   1
high                   1
honor                  1
houses                 1
human                  1
humble                 1
immediate              1
impel                  1
importance             1
imposing               1
incapable              1
indeed                 1
indian                 1
inestimable            1
inevitably             1
injuries               1
injury                 1
institute              1
instituted             1
instrument             1
insurrections          1
intentions             1
interrupt              1
introducing            1
invariably             1
invasion               1
invasions              1
invested               1
judge                  1
judges                 1
judiciary              1
july                   1
jury                   1
just                   1
kept                   1
kindred                1
king                   1
known                  1
lands                  1
laying                 1
legislate              1
legislation            1
let                    1
levy                   1
liberty                1
life                   1
light                  1
likely                 1
made                   1
magnanimity            1
manly                  1
many                   1
marked                 1
mean                   1
measures               1
mercenaries            1
merciless              1
migrations             1
military               1
mock                   1
more                   1
multitude              1
murders                1
must                   1
mutually               1
name                   1
nation                 1
native                 1
naturalization         1
nature                 1
natures                1
neglected              1
neighbouring           1
nor                    1
not                    1
now                    1
obstructed             1
obstructing            1
obtained               1
offences               1
officers               1
once                   1
one                    1
operation              1
opinions               1
opposing               1
oppressions            1
organizing             1
own                    1
paralleled             1
parts                  1
patient                1
payment                1
perfidy                1
petitioned             1
petitions              1
places                 1
pledge                 1
plundered              1
population             1
present                1
pressing               1
prevent                1
prince                 1
principles             1
protecting             1
prove                  1
provide                1
providence             1
province               1
prudence               1
publish                1
punishment             1
pursuing               1
pursuit                1
quartering             1
raising                1
ravaged                1
records                1
rectitude              1
redress                1
reduce                 1
reliance               1
relinquish             1
remaining              1
reminded               1
repeatedly             1
representation         1
representative         1
representatives        1
requires               1
respect                1
rest                   1
returned               1
ruler                  1
sacred                 1
safety                 1
salaries               1
savages                1
scarcely               1
secure                 1
security               1
seem                   1
self                   1
sent                   1
separate               1
settlement             1
sexes                  1
shall                  1
shewn                  1
sole                   1
solemnly               1
stage                  1
standing               1
station                1
subject                1
submitted              1
substance              1
suffer                 1
sufferable             1
sufferance             1
superior               1
support                1
supreme                1
suspending             1
swarms                 1
system                 1
systems                1
taken                  1
taking                 1
taxes                  1
tenure                 1
terms                  1
than                   1
therein                1
things                 1
thirteen               1
those                  1
throw                  1
thus                   1
ties                   1
till                   1
times                  1
together               1
too                    1
towns                  1
trade                  1
train                  1
transient              1
tried                  1
troops                 1
truths                 1
tyrant                 1
tyrants                1
unacknowledged         1
unalienable            1
unanimous              1
uncomfortable          1
under                  1
undistinguished        1
unfit                  1
unusual                1
unwarrantable          1
unworthy               1
utterly                1
valuable               1
voice                  1
waging                 1
wanting                1
warfare                1
warned                 1
whatsoever             1
whenever               1
whereby                1
while                  1
wholesome              1
within                 1
works                  1
